2026-02-14 22:45:43 INFO  c.f.f.FinanceCalculatorApplication - Starting FinanceCalculatorApplication using Java 23.0.1 with PID 28808 (K:\Just for test\finance-calculator\target\classes started by sneha in K:\Just for test\finance-calculator)
2026-02-14 22:45:43 DEBUG c.f.f.FinanceCalculatorApplication - Running with Spring Boot v3.4.5, Spring v6.2.6
2026-02-14 22:45:43 INFO  c.f.f.FinanceCalculatorApplication - No active profile set, falling back to 1 default profile: "default"
2026-02-14 22:45:43 INFO  o.s.b.d.e.DevToolsPropertyDefaultsPostProcessor - Devtools property defaults active! Set 'spring.devtools.add-properties' to 'false' to disable
2026-02-14 22:45:43 INFO  o.s.b.d.e.DevToolsPropertyDefaultsPostProcessor - For additional web related logging consider setting the 'logging.level.web' property to 'DEBUG'
2026-02-14 22:45:45 INFO  o.s.b.c.c.annotation.BatchRegistrar - Finished Spring Batch infrastructure beans configuration in 11 ms.
2026-02-14 22:45:45 INFO  o.s.d.r.c.RepositoryConfigurationDelegate - Bootstrapping Spring Data JPA repositories in DEFAULT mode.
2026-02-14 22:45:46 INFO  o.s.d.r.c.RepositoryConfigurationDelegate - Finished Spring Data repository scanning in 284 ms. Found 1 JPA repository interface.
2026-02-14 22:45:47 INFO  o.s.b.w.e.tomcat.TomcatWebServer - Tomcat initialized with port 8080 (http)
2026-02-14 22:45:47 INFO  o.a.coyote.http11.Http11NioProtocol - Initializing ProtocolHandler ["http-nio-8080"]
2026-02-14 22:45:47 INFO  o.a.catalina.core.StandardService - Starting service [Tomcat]
2026-02-14 22:45:47 INFO  o.a.catalina.core.StandardEngine - Starting Servlet engine: [Apache Tomcat/10.1.40]
2026-02-14 22:45:47 INFO  o.a.c.c.C.[Tomcat].[localhost].[/] - Initializing Spring embedded WebApplicationContext
2026-02-14 22:45:47 INFO  o.s.b.w.s.c.ServletWebServerApplicationContext - Root WebApplicationContext: initialization completed in 3508 ms
2026-02-14 22:45:47 INFO  o.h.jpa.internal.util.LogHelper - HHH000204: Processing PersistenceUnitInfo [name: default]
2026-02-14 22:45:47 INFO  org.hibernate.Version - HHH000412: Hibernate ORM core version 6.6.13.Final
2026-02-14 22:45:48 INFO  o.h.c.i.RegionFactoryInitiator - HHH000026: Second-level cache disabled
2026-02-14 22:45:48 INFO  o.s.o.j.p.SpringPersistenceUnitInfo - No LoadTimeWeaver setup: ignoring JPA class transformer
2026-02-14 22:45:48 INFO  com.zaxxer.hikari.HikariDataSource - HikariPool-1 - Starting...
2026-02-14 22:45:49 INFO  com.zaxxer.hikari.pool.HikariPool - HikariPool-1 - Added connection org.postgresql.jdbc.PgConnection@4ba7eac3
2026-02-14 22:45:49 INFO  com.zaxxer.hikari.HikariDataSource - HikariPool-1 - Start completed.
2026-02-14 22:45:49 WARN  org.hibernate.orm.deprecation - HHH90000025: PostgreSQLDialect does not need to be specified explicitly using 'hibernate.dialect' (remove the property setting and it will be selected by default)
2026-02-14 22:45:49 INFO  o.hibernate.orm.connections.pooling - HHH10001005: Database info:
	Database JDBC URL [Connecting through datasource 'HikariDataSource (HikariPool-1)']
	Database driver: undefined/unknown
	Database version: 17.2
	Autocommit mode: undefined/unknown
	Isolation level: undefined/unknown
	Minimum pool size: undefined/unknown
	Maximum pool size: undefined/unknown
2026-02-14 22:45:50 INFO  o.h.e.t.j.p.i.JtaPlatformInitiator - HHH000489: No JTA platform available (set 'hibernate.transaction.jta.platform' to enable JTA platform integration)
2026-02-14 22:45:50 INFO  o.s.o.j.LocalContainerEntityManagerFactoryBean - Initialized JPA EntityManagerFactory for persistence unit 'default'
2026-02-14 22:45:51 INFO  o.s.b.c.r.s.JobRepositoryFactoryBean - No database type set, using meta data indicating: POSTGRES
2026-02-14 22:45:51 INFO  o.s.b.c.l.s.TaskExecutorJobLauncher - No TaskExecutor has been set, defaulting to synchronous executor.
2026-02-14 22:45:51 INFO  o.s.b.c.c.a.BatchObservabilityBeanPostProcessor - No Micrometer observation registry found, defaulting to ObservationRegistry.NOOP
2026-02-14 22:45:51 INFO  o.s.b.c.c.a.BatchObservabilityBeanPostProcessor - No Micrometer observation registry found, defaulting to ObservationRegistry.NOOP
2026-02-14 22:45:52 WARN  o.s.b.a.o.j.JpaBaseConfiguration$JpaWebConfiguration - spring.jpa.open-in-view is enabled by default. Therefore, database queries may be performed during view rendering. Explicitly configure spring.jpa.open-in-view to disable this warning
2026-02-14 22:45:52 WARN  o.s.b.a.s.s.UserDetailsServiceAutoConfiguration - 

Using generated security password: aedc1d26-8979-476b-8922-2b7f441e481f

This generated password is for development use only. Your security configuration must be updated before running your application in production.

2026-02-14 22:45:52 INFO  o.s.s.c.a.a.c.InitializeUserDetailsBeanManagerConfigurer$InitializeUserDetailsManagerConfigurer - Global AuthenticationManager configured with UserDetailsService bean with name inMemoryUserDetailsManager
2026-02-14 22:45:53 INFO  o.s.b.d.a.OptionalLiveReloadServer - LiveReload server is running on port 35729
2026-02-14 22:45:53 INFO  o.a.coyote.http11.Http11NioProtocol - Starting ProtocolHandler ["http-nio-8080"]
2026-02-14 22:45:53 INFO  o.s.b.w.e.tomcat.TomcatWebServer - Tomcat started on port 8080 (http) with context path '/'
2026-02-14 22:45:53 INFO  c.f.f.FinanceCalculatorApplication - Started FinanceCalculatorApplication in 11.256 seconds (process running for 12.175)
2026-02-14 22:46:07 INFO  o.a.c.c.C.[Tomcat].[localhost].[/] - Initializing Spring DispatcherServlet 'dispatcherServlet'
2026-02-14 22:46:07 INFO  o.s.web.servlet.DispatcherServlet - Initializing Servlet 'dispatcherServlet'
2026-02-14 22:46:07 INFO  o.s.web.servlet.DispatcherServlet - Completed initialization in 2 ms
2026-02-14 23:59:25 INFO  c.f.f.FinanceCalculatorApplication - Starting FinanceCalculatorApplication using Java 23.0.1 with PID 27380 (K:\Just for test\finance-calculator\target\classes started by sneha in K:\Just for test\finance-calculator)
2026-02-14 23:59:25 DEBUG c.f.f.FinanceCalculatorApplication - Running with Spring Boot v3.4.5, Spring v6.2.6
2026-02-14 23:59:25 INFO  c.f.f.FinanceCalculatorApplication - No active profile set, falling back to 1 default profile: "default"
2026-02-14 23:59:26 INFO  o.s.b.d.e.DevToolsPropertyDefaultsPostProcessor - Devtools property defaults active! Set 'spring.devtools.add-properties' to 'false' to disable
2026-02-14 23:59:26 INFO  o.s.b.d.e.DevToolsPropertyDefaultsPostProcessor - For additional web related logging consider setting the 'logging.level.web' property to 'DEBUG'
2026-02-14 23:59:28 INFO  o.s.b.c.c.annotation.BatchRegistrar - Finished Spring Batch infrastructure beans configuration in 9 ms.
2026-02-14 23:59:28 INFO  o.s.d.r.c.RepositoryConfigurationDelegate - Bootstrapping Spring Data JPA repositories in DEFAULT mode.
2026-02-14 23:59:28 INFO  o.s.d.r.c.RepositoryConfigurationDelegate - Finished Spring Data repository scanning in 192 ms. Found 1 JPA repository interface.
2026-02-14 23:59:30 INFO  o.s.b.w.e.tomcat.TomcatWebServer - Tomcat initialized with port 8080 (http)
2026-02-14 23:59:30 INFO  o.a.coyote.http11.Http11NioProtocol - Initializing ProtocolHandler ["http-nio-8080"]
2026-02-14 23:59:30 INFO  o.a.catalina.core.StandardService - Starting service [Tomcat]
2026-02-14 23:59:30 INFO  o.a.catalina.core.StandardEngine - Starting Servlet engine: [Apache Tomcat/10.1.40]
2026-02-14 23:59:30 INFO  o.a.c.c.C.[Tomcat].[localhost].[/] - Initializing Spring embedded WebApplicationContext
2026-02-14 23:59:30 INFO  o.s.b.w.s.c.ServletWebServerApplicationContext - Root WebApplicationContext: initialization completed in 3567 ms
2026-02-14 23:59:30 INFO  o.h.jpa.internal.util.LogHelper - HHH000204: Processing PersistenceUnitInfo [name: default]
2026-02-14 23:59:30 INFO  org.hibernate.Version - HHH000412: Hibernate ORM core version 6.6.13.Final
2026-02-14 23:59:30 INFO  o.h.c.i.RegionFactoryInitiator - HHH000026: Second-level cache disabled
2026-02-14 23:59:31 INFO  o.s.o.j.p.SpringPersistenceUnitInfo - No LoadTimeWeaver setup: ignoring JPA class transformer
2026-02-14 23:59:31 INFO  com.zaxxer.hikari.HikariDataSource - HikariPool-1 - Starting...
2026-02-14 23:59:31 INFO  com.zaxxer.hikari.pool.HikariPool - HikariPool-1 - Added connection org.postgresql.jdbc.PgConnection@2a6003d2
2026-02-14 23:59:31 INFO  com.zaxxer.hikari.HikariDataSource - HikariPool-1 - Start completed.
2026-02-14 23:59:31 WARN  org.hibernate.orm.deprecation - HHH90000025: PostgreSQLDialect does not need to be specified explicitly using 'hibernate.dialect' (remove the property setting and it will be selected by default)
2026-02-14 23:59:31 INFO  o.hibernate.orm.connections.pooling - HHH10001005: Database info:
	Database JDBC URL [Connecting through datasource 'HikariDataSource (HikariPool-1)']
	Database driver: undefined/unknown
	Database version: 17.2
	Autocommit mode: undefined/unknown
	Isolation level: undefined/unknown
	Minimum pool size: undefined/unknown
	Maximum pool size: undefined/unknown
2026-02-14 23:59:32 INFO  o.h.e.t.j.p.i.JtaPlatformInitiator - HHH000489: No JTA platform available (set 'hibernate.transaction.jta.platform' to enable JTA platform integration)
2026-02-14 23:59:33 INFO  o.s.o.j.LocalContainerEntityManagerFactoryBean - Initialized JPA EntityManagerFactory for persistence unit 'default'
2026-02-14 23:59:34 INFO  o.s.b.c.r.s.JobRepositoryFactoryBean - No database type set, using meta data indicating: POSTGRES
2026-02-14 23:59:34 INFO  o.s.b.c.l.s.TaskExecutorJobLauncher - No TaskExecutor has been set, defaulting to synchronous executor.
2026-02-14 23:59:34 INFO  o.s.b.c.c.a.BatchObservabilityBeanPostProcessor - No Micrometer observation registry found, defaulting to ObservationRegistry.NOOP
2026-02-14 23:59:34 INFO  o.s.b.c.c.a.BatchObservabilityBeanPostProcessor - No Micrometer observation registry found, defaulting to ObservationRegistry.NOOP
2026-02-14 23:59:34 WARN  o.s.b.a.o.j.JpaBaseConfiguration$JpaWebConfiguration - spring.jpa.open-in-view is enabled by default. Therefore, database queries may be performed during view rendering. Explicitly configure spring.jpa.open-in-view to disable this warning
2026-02-14 23:59:34 WARN  o.s.b.a.s.s.UserDetailsServiceAutoConfiguration - 

Using generated security password: 3e9337e8-857f-4128-ad54-6fcb617a3724

This generated password is for development use only. Your security configuration must be updated before running your application in production.

2026-02-14 23:59:34 INFO  o.s.s.c.a.a.c.InitializeUserDetailsBeanManagerConfigurer$InitializeUserDetailsManagerConfigurer - Global AuthenticationManager configured with UserDetailsService bean with name inMemoryUserDetailsManager
2026-02-14 23:59:35 INFO  o.s.b.d.a.OptionalLiveReloadServer - LiveReload server is running on port 35729
2026-02-14 23:59:35 INFO  o.a.coyote.http11.Http11NioProtocol - Starting ProtocolHandler ["http-nio-8080"]
2026-02-14 23:59:35 INFO  o.s.b.w.e.tomcat.TomcatWebServer - Tomcat started on port 8080 (http) with context path '/'
2026-02-14 23:59:35 INFO  c.f.f.FinanceCalculatorApplication - Started FinanceCalculatorApplication in 10.786 seconds (process running for 11.645)
2026-02-14 23:59:40 INFO  o.a.c.c.C.[Tomcat].[localhost].[/] - Initializing Spring DispatcherServlet 'dispatcherServlet'
2026-02-14 23:59:40 INFO  o.s.web.servlet.DispatcherServlet - Initializing Servlet 'dispatcherServlet'
2026-02-14 23:59:40 INFO  o.s.web.servlet.DispatcherServlet - Completed initialization in 2 ms
